{
  status: 400,
  message: 'Invalid username, try again!!',
  info: 'Error',
  clientRequest: {
    IP: '::1',
    HOST: 'localhost',
    METHOD: 'POST',
    URL: '/user/login',
    TIMESTAMP: '2020-09-19 02:14:17'
  },
  level: 'error'
}
{
  status: 400,
  message: 'User already exist',
  info: 'Error',
  clientRequest: {
    IP: '::1',
    HOST: 'localhost',
    METHOD: 'POST',
    URL: '/user/register',
    TIMESTAMP: '2020-09-19 02:16:15'
  },
  level: 'error'
}
{
  status: 400,
  message: 'Invalid username, try again!!',
  info: 'Error',
  clientRequest: {
    IP: '::1',
    HOST: 'localhost',
    METHOD: 'POST',
    URL: '/user/login',
    TIMESTAMP: '2020-09-19 02:20:57'
  },
  level: 'error'
}
{ status: 400,
  message: 'Invalid username, try again!!',
  info: 'Error',
  clientRequest:
   { IP: '::1',
     HOST: 'localhost',
     METHOD: 'POST',
     URL: '/user/login',
     TIMESTAMP: '2020-09-19 05:08:54' },
  level: 'error' }
{ status: 400,
  message: 'Invalid username, try again!!',
  info: 'Error',
  clientRequest:
   { IP: '::1',
     HOST: 'localhost',
     METHOD: 'POST',
     URL: '/user/login',
     TIMESTAMP: '2020-09-19 05:09:05' },
  level: 'error' }
{ status: 400,
  message: 'Invalid username, try again!!',
  info: 'Error',
  clientRequest:
   { IP: '::1',
     HOST: 'localhost',
     METHOD: 'POST',
     URL: '/user/login',
     TIMESTAMP: '2020-09-19 05:09:38' },
  level: 'error' }
