{
  status: 200,
  message: 'Successfully registered',
  content: true,
  clientRequest: {
    IP: '::1',
    HOST: 'localhost',
    METHOD: 'GET',
    URL: '/user/register',
    TIMESTAMP: '2020-09-19 02:10:42'
  },
  level: 'info'
}
{
  status: 200,
  message: 'Successfully registered',
  content: true,
  clientRequest: {
    IP: '::1',
    HOST: 'localhost',
    METHOD: 'POST',
    URL: '/user/register',
    TIMESTAMP: '2020-09-19 02:17:56'
  },
  level: 'info'
}
{
  status: 200,
  message: 'Successfully registered',
  content: true,
  clientRequest: {
    IP: '::1',
    HOST: 'localhost',
    METHOD: 'POST',
    URL: '/user/register',
    TIMESTAMP: '2020-09-19 02:18:42'
  },
  level: 'info'
}
{
  status: 200,
  message: 'Successfully registered',
  content: true,
  clientRequest: {
    IP: '::1',
    HOST: 'localhost',
    METHOD: 'POST',
    URL: '/user/register',
    TIMESTAMP: '2020-09-19 02:19:19'
  },
  level: 'info'
}
{
  status: 200,
  message: 'Successfully registered',
  content: true,
  clientRequest: {
    IP: '::1',
    HOST: 'localhost',
    METHOD: 'POST',
    URL: '/user/register',
    TIMESTAMP: '2020-09-19 02:20:19'
  },
  level: 'info'
}
{
  status: 200,
  message: 'Login success',
  content: true,
  clientRequest: {
    IP: '::1',
    HOST: 'localhost',
    METHOD: 'POST',
    URL: '/user/login',
    TIMESTAMP: '2020-09-19 02:22:04'
  },
  level: 'info'
}
{
  status: 200,
  message: 'Successfully registered',
  content: true,
  clientRequest: {
    IP: '::1',
    HOST: 'localhost',
    METHOD: 'POST',
    URL: '/user/register',
    TIMESTAMP: '2020-09-19 04:22:48'
  },
  level: 'info'
}
{
  status: 200,
  message: 'Successfully registered',
  content: true,
  clientRequest: {
    IP: '::1',
    HOST: 'localhost',
    METHOD: 'POST',
    URL: '/user/register',
    TIMESTAMP: '2020-09-19 04:26:23'
  },
  level: 'info'
}
{
  status: 200,
  message: 'Successfully registered',
  content: true,
  clientRequest: {
    IP: '::1',
    HOST: 'localhost',
    METHOD: 'POST',
    URL: '/user/register',
    TIMESTAMP: '2020-09-19 04:27:11'
  },
  level: 'info'
}
{
  status: 200,
  message: 'Successfully registered',
  content: true,
  clientRequest: {
    IP: '::1',
    HOST: 'localhost',
    METHOD: 'POST',
    URL: '/user/register',
    TIMESTAMP: '2020-09-19 04:28:14'
  },
  level: 'info'
}
{
  status: 200,
  message: 'Successfully registered',
  content: true,
  clientRequest: {
    IP: '::1',
    HOST: 'localhost',
    METHOD: 'POST',
    URL: '/user/register',
    TIMESTAMP: '2020-09-19 04:28:46'
  },
  level: 'info'
}
{
  status: 200,
  message: 'Successfully registered',
  content: true,
  clientRequest: {
    IP: '::1',
    HOST: 'localhost',
    METHOD: 'POST',
    URL: '/user/register',
    TIMESTAMP: '2020-09-19 04:32:00'
  },
  level: 'info'
}
{
  status: 200,
  message: 'Successfully registered',
  content: true,
  clientRequest: {
    IP: '::1',
    HOST: 'localhost',
    METHOD: 'POST',
    URL: '/user/register',
    TIMESTAMP: '2020-09-19 04:36:21'
  },
  level: 'info'
}
{ status: 200,
  message: 'Successfully registered',
  content: true,
  clientRequest:
   { IP: '::1',
     HOST: 'localhost',
     METHOD: 'POST',
     URL: '/user/register',
     TIMESTAMP: '2020-09-19 05:05:08' },
  level: 'info' }
{ status: 200,
  message: 'Successfully registered',
  content: true,
  clientRequest:
   { IP: '::1',
     HOST: 'localhost',
     METHOD: 'POST',
     URL: '/user/register',
     TIMESTAMP: '2020-09-19 05:07:56' },
  level: 'info' }
{ status: 200,
  message: 'Login success',
  content: true,
  clientRequest:
   { IP: '::1',
     HOST: 'localhost',
     METHOD: 'POST',
     URL: '/user/login',
     TIMESTAMP: '2020-09-19 05:10:41' },
  level: 'info' }
{ status: 200,
  message: 'Login success',
  content: true,
  clientRequest:
   { IP: '::1',
     HOST: 'localhost',
     METHOD: 'POST',
     URL: '/user/login',
     TIMESTAMP: '2020-09-19 05:12:28' },
  level: 'info' }
{ status: 200,
  message: 'Login success',
  content: true,
  clientRequest:
   { IP: '::1',
     HOST: 'localhost',
     METHOD: 'POST',
     URL: '/user/login',
     TIMESTAMP: '2020-09-19 05:15:25' },
  level: 'info' }
{ status: 200,
  message: 'Login success',
  content: true,
  clientRequest:
   { IP: '::1',
     HOST: 'localhost',
     METHOD: 'POST',
     URL: '/user/login',
     TIMESTAMP: '2020-09-19 05:17:32' },
  level: 'info' }
